set -o pipefail; /usr/bin/mariadb-dump --user=_dfadd7958f6b0f23 --host=127.0.0.1 --port=3306 --password=********** --single-transaction --quick --lock-tables=false _dfadd7958f6b0f23 | /usr/bin/gzip >> ./code.com/private/backups/20240402_120002-code_com-database.sql.gz

Backup Summary for code.com at 2024-04-02 12:00:03.667606
Config  : ./code.com/private/backups/20240402_120002-code_com-site_config_backup.json 183.0B
Database: ./code.com/private/backups/20240402_120002-code_com-database.sql.gz         1.1MiB
Backup for Site code.com has been successfully completed
set -o pipefail; /usr/bin/mariadb-dump --user=_dfadd7958f6b0f23 --host=127.0.0.1 --port=3306 --password=********** --single-transaction --quick --lock-tables=false _dfadd7958f6b0f23 | /usr/bin/gzip >> ./code.com/private/backups/20240402_180002-code_com-database.sql.gz

Backup Summary for code.com at 2024-04-02 18:00:03.493792
Config  : ./code.com/private/backups/20240402_180002-code_com-site_config_backup.json 183.0B
Database: ./code.com/private/backups/20240402_180002-code_com-database.sql.gz         1.1MiB
Backup for Site code.com has been successfully completed
set -o pipefail; /usr/bin/mariadb-dump --user=_dfadd7958f6b0f23 --host=127.0.0.1 --port=3306 --password=********** --single-transaction --quick --lock-tables=false _dfadd7958f6b0f23 | /usr/bin/gzip >> ./code.com/private/backups/20240403_120002-code_com-database.sql.gz

Backup Summary for code.com at 2024-04-03 12:00:03.586588
Config  : ./code.com/private/backups/20240403_120002-code_com-site_config_backup.json 183.0B
Database: ./code.com/private/backups/20240403_120002-code_com-database.sql.gz         1.1MiB
Backup for Site code.com has been successfully completed
set -o pipefail; /usr/bin/mariadb-dump --user=_dfadd7958f6b0f23 --host=127.0.0.1 --port=3306 --password=********** --single-transaction --quick --lock-tables=false _dfadd7958f6b0f23 | /usr/bin/gzip >> ./code.com/private/backups/20240403_180002-code_com-database.sql.gz

Backup Summary for code.com at 2024-04-03 18:00:03.517713
Config  : ./code.com/private/backups/20240403_180002-code_com-site_config_backup.json 183.0B
Database: ./code.com/private/backups/20240403_180002-code_com-database.sql.gz         1.1MiB
Backup for Site code.com has been successfully completed
set -o pipefail; /usr/bin/mariadb-dump --user=_dfadd7958f6b0f23 --host=127.0.0.1 --port=3306 --password=********** --single-transaction --quick --lock-tables=false _dfadd7958f6b0f23 | /usr/bin/gzip >> ./code.com/private/backups/20240407_180002-code_com-database.sql.gz

Backup Summary for code.com at 2024-04-07 18:00:03.567309
Config  : ./code.com/private/backups/20240407_180002-code_com-site_config_backup.json 183.0B
Database: ./code.com/private/backups/20240407_180002-code_com-database.sql.gz         1.1MiB
Backup for Site code.com has been successfully completed
set -o pipefail; /usr/bin/mariadb-dump --user=_dfadd7958f6b0f23 --host=127.0.0.1 --port=3306 --password=********** --single-transaction --quick --lock-tables=false _dfadd7958f6b0f23 | /usr/bin/gzip >> ./code.com/private/backups/20240408_120002-code_com-database.sql.gz

Backup Summary for code.com at 2024-04-08 12:00:03.491301
Config  : ./code.com/private/backups/20240408_120002-code_com-site_config_backup.json 183.0B
Database: ./code.com/private/backups/20240408_120002-code_com-database.sql.gz         1.1MiB
Backup for Site code.com has been successfully completed
set -o pipefail; /usr/bin/mariadb-dump --user=_dfadd7958f6b0f23 --host=127.0.0.1 --port=3306 --password=********** --single-transaction --quick --lock-tables=false _dfadd7958f6b0f23 | /usr/bin/gzip >> ./code.com/private/backups/20240408_180002-code_com-database.sql.gz

Backup Summary for code.com at 2024-04-08 18:00:03.423821
Config  : ./code.com/private/backups/20240408_180002-code_com-site_config_backup.json 183.0B
Database: ./code.com/private/backups/20240408_180002-code_com-database.sql.gz         1.1MiB
Backup for Site code.com has been successfully completed
set -o pipefail; /usr/bin/mariadb-dump --user=_dfadd7958f6b0f23 --host=127.0.0.1 --port=3306 --password=********** --single-transaction --quick --lock-tables=false _dfadd7958f6b0f23 | /usr/bin/gzip >> ./code.com/private/backups/20240410_120001-code_com-database.sql.gz

Backup Summary for code.com at 2024-04-10 12:00:02.801772
Config  : ./code.com/private/backups/20240410_120001-code_com-site_config_backup.json 183.0B
Database: ./code.com/private/backups/20240410_120001-code_com-database.sql.gz         1.1MiB
Backup for Site code.com has been successfully completed
set -o pipefail; /usr/bin/mariadb-dump --user=_dfadd7958f6b0f23 --host=127.0.0.1 --port=3306 --password=********** --single-transaction --quick --lock-tables=false _dfadd7958f6b0f23 | /usr/bin/gzip >> ./code.com/private/backups/20240411_120002-code_com-database.sql.gz

Backup Summary for code.com at 2024-04-11 12:00:03.549777
Config  : ./code.com/private/backups/20240411_120002-code_com-site_config_backup.json 183.0B
Database: ./code.com/private/backups/20240411_120002-code_com-database.sql.gz         1.1MiB
Backup for Site code.com has been successfully completed
set -o pipefail; /usr/bin/mariadb-dump --user=_dfadd7958f6b0f23 --host=127.0.0.1 --port=3306 --password=********** --single-transaction --quick --lock-tables=false _dfadd7958f6b0f23 | /usr/bin/gzip >> ./code.com/private/backups/20240411_180002-code_com-database.sql.gz

Backup Summary for code.com at 2024-04-11 18:00:03.693955
Config  : ./code.com/private/backups/20240411_180002-code_com-site_config_backup.json 183.0B
Database: ./code.com/private/backups/20240411_180002-code_com-database.sql.gz         1.1MiB
Backup for Site code.com has been successfully completed
set -o pipefail; /usr/bin/mariadb-dump --user=_dfadd7958f6b0f23 --host=127.0.0.1 --port=3306 --password=********** --single-transaction --quick --lock-tables=false _dfadd7958f6b0f23 | /usr/bin/gzip >> ./code.com/private/backups/20240412_120001-code_com-database.sql.gz

Backup Summary for code.com at 2024-04-12 12:00:02.934101
Config  : ./code.com/private/backups/20240412_120001-code_com-site_config_backup.json 183.0B
Database: ./code.com/private/backups/20240412_120001-code_com-database.sql.gz         1.1MiB
Backup for Site code.com has been successfully completed
